This is pdfTeX, Version 3.1415926-2.5-1.40.14 (TeX Live 2013) (format=pdflatex 2013.7.11)  30 JUL 2013 13:30
entering extended mode
 restricted \write18 enabled.
 %&-line parsing enabled.
**IOreport.tex
(./IOreport.tex
LaTeX2e <2011/06/27>
Babel <3.9f> and hyphenation patterns for 78 languages loaded.
(/usr/local/texlive/2013/texmf-dist/tex/latex/base/report.cls
Document Class: report 2007/10/19 v1.4h Standard LaTeX document class
(/usr/local/texlive/2013/texmf-dist/tex/latex/base/size10.clo
File: size10.clo 2007/10/19 v1.4h Standard LaTeX file (size option)
)
\c@part=\count79
\c@chapter=\count80
\c@section=\count81
\c@subsection=\count82
\c@subsubsection=\count83
\c@paragraph=\count84
\c@subparagraph=\count85
\c@figure=\count86
\c@table=\count87
\abovecaptionskip=\skip41
\belowcaptionskip=\skip42
\bibindent=\dimen102
)
(/usr/local/texlive/2013/texmf-dist/tex/latex/graphics/graphicx.sty
Package: graphicx 1999/02/16 v1.0f Enhanced LaTeX Graphics (DPC,SPQR)

(/usr/local/texlive/2013/texmf-dist/tex/latex/graphics/keyval.sty
Package: keyval 1999/03/16 v1.13 key=value parser (DPC)
\KV@toks@=\toks14
)
(/usr/local/texlive/2013/texmf-dist/tex/latex/graphics/graphics.sty
Package: graphics 2009/02/05 v1.0o Standard LaTeX Graphics (DPC,SPQR)

(/usr/local/texlive/2013/texmf-dist/tex/latex/graphics/trig.sty
Package: trig 1999/03/16 v1.09 sin cos tan (DPC)
)
(/usr/local/texlive/2013/texmf-dist/tex/latex/latexconfig/graphics.cfg
File: graphics.cfg 2010/04/23 v1.9 graphics configuration of TeX Live
)
Package graphics Info: Driver file: pdftex.def on input line 91.

(/usr/local/texlive/2013/texmf-dist/tex/latex/pdftex-def/pdftex.def
File: pdftex.def 2011/05/27 v0.06d Graphics/color for pdfTeX

(/usr/local/texlive/2013/texmf-dist/tex/generic/oberdiek/infwarerr.sty
Package: infwarerr 2010/04/08 v1.3 Providing info/warning/error messages (HO)
)
(/usr/local/texlive/2013/texmf-dist/tex/generic/oberdiek/ltxcmds.sty
Package: ltxcmds 2011/11/09 v1.22 LaTeX kernel commands for general use (HO)
)
\Gread@gobject=\count88
))
\Gin@req@height=\dimen103
\Gin@req@width=\dimen104
)
(/usr/local/texlive/2013/texmf-dist/tex/latex/natbib/bibentry.sty
Package: bibentry 2007/10/30 1.5 (PWD)
)
(/usr/local/texlive/2013/texmf-dist/tex/latex/tools/enumerate.sty
Package: enumerate 1999/03/05 v3.00 enumerate extensions (DPC)
\@enLab=\toks15
)
(/usr/local/texlive/2013/texmf-dist/tex/latex/multirow/multirow.sty
\bigstrutjot=\dimen105
)
(./IOreport.aux)
\openout1 = `IOreport.aux'.

LaTeX Font Info:    Checking defaults for OML/cmm/m/it on input line 22.
LaTeX Font Info:    ... okay on input line 22.
LaTeX Font Info:    Checking defaults for T1/cmr/m/n on input line 22.
LaTeX Font Info:    ... okay on input line 22.
LaTeX Font Info:    Checking defaults for OT1/cmr/m/n on input line 22.
LaTeX Font Info:    ... okay on input line 22.
LaTeX Font Info:    Checking defaults for OMS/cmsy/m/n on input line 22.
LaTeX Font Info:    ... okay on input line 22.
LaTeX Font Info:    Checking defaults for OMX/cmex/m/n on input line 22.
LaTeX Font Info:    ... okay on input line 22.
LaTeX Font Info:    Checking defaults for U/cmr/m/n on input line 22.
LaTeX Font Info:    ... okay on input line 22.

(/usr/local/texlive/2013/texmf-dist/tex/context/base/supp-pdf.mkii
[Loading MPS to PDF converter (version 2006.09.02).]
\scratchcounter=\count89
\scratchdimen=\dimen106
\scratchbox=\box26
\nofMPsegments=\count90
\nofMParguments=\count91
\everyMPshowfont=\toks16
\MPscratchCnt=\count92
\MPscratchDim=\dimen107
\MPnumerator=\count93
\makeMPintoPDFobject=\count94
\everyMPtoPDFconversion=\toks17
) (/usr/local/texlive/2013/texmf-dist/tex/generic/oberdiek/pdftexcmds.sty
Package: pdftexcmds 2011/11/29 v0.20 Utility functions of pdfTeX for LuaTeX (HO
)

(/usr/local/texlive/2013/texmf-dist/tex/generic/oberdiek/ifluatex.sty
Package: ifluatex 2010/03/01 v1.3 Provides the ifluatex switch (HO)
Package ifluatex Info: LuaTeX not detected.
)
(/usr/local/texlive/2013/texmf-dist/tex/generic/oberdiek/ifpdf.sty
Package: ifpdf 2011/01/30 v2.3 Provides the ifpdf switch (HO)
Package ifpdf Info: pdfTeX in PDF mode is detected.
)
Package pdftexcmds Info: LuaTeX not detected.
Package pdftexcmds Info: \pdf@primitive is available.
Package pdftexcmds Info: \pdf@ifprimitive is available.
Package pdftexcmds Info: \pdfdraftmode found.
)
(/usr/local/texlive/2013/texmf-dist/tex/latex/oberdiek/epstopdf-base.sty
Package: epstopdf-base 2010/02/09 v2.5 Base part for package epstopdf

(/usr/local/texlive/2013/texmf-dist/tex/latex/oberdiek/grfext.sty
Package: grfext 2010/08/19 v1.1 Manage graphics extensions (HO)

(/usr/local/texlive/2013/texmf-dist/tex/generic/oberdiek/kvdefinekeys.sty
Package: kvdefinekeys 2011/04/07 v1.3 Define keys (HO)
))
(/usr/local/texlive/2013/texmf-dist/tex/latex/oberdiek/kvoptions.sty
Package: kvoptions 2011/06/30 v3.11 Key value format for package options (HO)

(/usr/local/texlive/2013/texmf-dist/tex/generic/oberdiek/kvsetkeys.sty
Package: kvsetkeys 2012/04/25 v1.16 Key value parser (HO)

(/usr/local/texlive/2013/texmf-dist/tex/generic/oberdiek/etexcmds.sty
Package: etexcmds 2011/02/16 v1.5 Avoid name clashes with e-TeX commands (HO)
Package etexcmds Info: Could not find \expanded.
(etexcmds)             That can mean that you are not using pdfTeX 1.50 or
(etexcmds)             that some package has redefined \expanded.
(etexcmds)             In the latter case, load this package earlier.
)))
Package grfext Info: Graphics extension search list:
(grfext)             [.png,.pdf,.jpg,.mps,.jpeg,.jbig2,.jb2,.PNG,.PDF,.JPG,.JPE
G,.JBIG2,.JB2,.eps]
(grfext)             \AppendGraphicsExtensions on input line 452.

(/usr/local/texlive/2013/texmf-dist/tex/latex/latexconfig/epstopdf-sys.cfg
File: epstopdf-sys.cfg 2010/07/13 v1.3 Configuration of (r)epstopdf for TeX Liv
e
))
<./Figure/ntu_log.jpg, id=1, 377.41pt x 134.5025pt>
File: ./Figure/ntu_log.jpg Graphic file (type jpg)
 <use ./Figure/ntu_log.jpg>
Package pdftex.def Info: ./Figure/ntu_log.jpg used on input line 24.
(pdftex.def)             Requested size: 377.40907pt x 134.50215pt.

Overfull \hbox (32.40907pt too wide) in paragraph at lines 24--24
 [] 
 []

LaTeX Font Info:    External font `cmex10' loaded for size
(Font)              <12> on input line 24.
LaTeX Font Info:    External font `cmex10' loaded for size
(Font)              <8> on input line 24.
LaTeX Font Info:    External font `cmex10' loaded for size
(Font)              <6> on input line 24.
[1

{/usr/local/texlive/2013/texmf-var/fonts/map/pdftex/updmap/pdftex.map} <./Figur
e/ntu_log.jpg>] [1

]
Underfull \hbox (badness 10000) in paragraph at lines 38--44

 []


Underfull \hbox (badness 10000) in paragraph at lines 38--44

 []


Underfull \hbox (badness 10000) in paragraph at lines 38--44

 []

[2

] (./IOreport.toc
LaTeX Font Info:    External font `cmex10' loaded for size
(Font)              <7> on input line 4.
LaTeX Font Info:    External font `cmex10' loaded for size
(Font)              <5> on input line 4.

Overfull \hbox (2.36174pt too wide) in paragraph at lines 22--22
 [][] []\OT1/cmr/m/n/10 Comparison among soft-ware en-cryp-tion, de-vice driver
 with 
 []

[3

])
\tf@toc=\write3
\openout3 = `IOreport.toc'.

 [4] (./IOreport.lof)
\tf@lof=\write4
\openout4 = `IOreport.lof'.

 [5

]
Chapter 1.

Overfull \hbox (13.86461pt too wide) in paragraph at lines 57--57
[]\OT1/cmr/bx/n/14.4 Company Profile-Data Stor-age In-sti-tude(DSI) 
 []

[6

]
Chapter 2.
Missing character: There is no â in font cmr10!
Missing character: There is no € in font cmr10!
Missing character: There is no ™ in font cmr10!
[7

] [8]
Chapter 3.
[9

] <./Figure/fig1.png, id=40, 606.265pt x 426.59375pt>
File: ./Figure/fig1.png Graphic file (type png)

<use ./Figure/fig1.png>
Package pdftex.def Info: ./Figure/fig1.png used on input line 85.
(pdftex.def)             Requested size: 345.00108pt x 242.75739pt.

Overfull \hbox (0.15796pt too wide) in paragraph at lines 89--89
[]\OT1/cmr/bx/n/14.4 High-throughput Data Pro-tec-tion for Multi-
 []

[10 <./Figure/fig1.png>]
Overfull \hbox (11.2403pt too wide) in paragraph at lines 92--92
[]\OT1/cmr/bx/n/12 Secure Data As-set Man-age-ment on Large Scale Shared
 []

<./Figure/fig2.png, id=44, 722.7pt x 428.60126pt>
File: ./Figure/fig2.png Graphic file (type png)
 <use ./Figure/fig2.png>
Package pdftex.def Info: ./Figure/fig2.png used on input line 97.
(pdftex.def)             Requested size: 344.99533pt x 204.6014pt.

[11] <./Figure/fig3.png, id=48, 668.4975pt x 236.885pt>
File: ./Figure/fig3.png Graphic file (type png)

<use ./Figure/fig3.png>
Package pdftex.def Info: ./Figure/fig3.png used on input line 105.
(pdftex.def)             Requested size: 345.00938pt x 122.25557pt.
 [12 <./Figure/fig2.png>]
<./Figure/fig4.png, id=53, 415.5525pt x 286.06876pt>
File: ./Figure/fig4.png Graphic file (type png)
 <use ./Figure/fig4.png>
Package pdftex.def Info: ./Figure/fig4.png used on input line 114.
(pdftex.def)             Requested size: 345.01628pt x 237.5112pt.

[13 <./Figure/fig3.png>]
Overfull \hbox (8.3806pt too wide) in paragraph at lines 124--124
[]\OT1/cmr/bx/n/12 Comparison among soft-ware en-cryp-tion, de-vice driver
 []

[14 <./Figure/fig4.png>] [15]
Chapter 4.
<./Figure/runInstance.jpg, id=63, 7779.0625pt x 7136.6625pt>
File: ./Figure/runInstance.jpg Graphic file (type jpg)

<use ./Figure/runInstance.jpg>
Package pdftex.def Info: ./Figure/runInstance.jpg used on input line 152.
(pdftex.def)             Requested size: 344.93866pt x 316.4534pt.

<./Figure/Manager.jpg, id=64, 1525.7pt x 953.5625pt>
File: ./Figure/Manager.jpg Graphic file (type jpg)

<use ./Figure/Manager.jpg>
Package pdftex.def Info: ./Figure/Manager.jpg used on input line 157.
(pdftex.def)             Requested size: 344.99043pt x 215.61902pt.

<./Figure/service.jpg, id=65, 1287.81125pt x 672.5125pt>
File: ./Figure/service.jpg Graphic file (type jpg)

<use ./Figure/service.jpg>
Package pdftex.def Info: ./Figure/service.jpg used on input line 162.
(pdftex.def)             Requested size: 345.00194pt x 180.16467pt.

<./Figure/cinder.jpg, id=67, 5580.85pt x 3282.2625pt>
File: ./Figure/cinder.jpg Graphic file (type jpg)

<use ./Figure/cinder.jpg>
Package pdftex.def Info: ./Figure/cinder.jpg used on input line 167.
(pdftex.def)             Requested size: 344.97021pt x 202.88716pt.

<./Figure/nova.jpg, id=68, 2000.47375pt x 1467.4825pt>
File: ./Figure/nova.jpg Graphic file (type jpg)
 <use ./Figure/nova.jpg>
Package pdftex.def Info: ./Figure/nova.jpg used on input line 172.
(pdftex.def)             Requested size: 344.99052pt x 253.07382pt.

<./Figure/attach.jpg, id=69, 8260.8625pt x 4757.775pt>
File: ./Figure/attach.jpg Graphic file (type jpg)

<use ./Figure/attach.jpg>
Package pdftex.def Info: ./Figure/attach.jpg used on input line 177.
(pdftex.def)             Requested size: 345.00008pt x 198.69992pt.
 [16

] [17 <./Figure/runInstance.jpg>] [18 <./Figure/Manager.jpg> <./Figure/service.
jpg>] [19 <./Figure/cinder.jpg> <./Figure/nova.jpg>]

LaTeX Warning: The counter will not be printed.
             The label is: $\bullet $ on input line 183.


Overfull \hbox (4.90855pt too wide) in paragraph at lines 184--185
[]\OT1/cmr/bx/n/10 rpc com-mu-ni-ca-tion\OT1/cmr/m/n/10 ( API $[]$Manager), ra-
bittmq as back-end server, "API"(as
 []

<./Figure/iscsi(plan).jpg, id=85, 1124.2pt x 762.85pt>
File: ./Figure/iscsi(plan).jpg Graphic file (type jpg)

<use ./Figure/iscsi(plan).jpg>
Package pdftex.def Info: ./Figure/iscsi(plan).jpg used on input line 190.
(pdftex.def)             Requested size: 344.99901pt x 234.10646pt.
 [20 <./Figure/attach.jpg>]

LaTeX Warning: The counter will not be printed.
             The label is: $\bullet $ on input line 197.


Overfull \hbox (6.2752pt too wide) in paragraph at lines 209--212
\OML/cmm/m/it/10 path\OMS/cmsy/m/n/10 j\OML/cmm/m/it/10 awk[][][]\OMS/cmsy/m/n/
10 j\OML/cmm/m/it/10 grep\OT1/cmr/m/n/10 $\OML/cmm/m/it/10 targetname\OMS/cmsy/
m/n/10 j\OML/cmm/m/it/10 awk[][][]$ \OT1/cmr/m/n/10 to find the cor-rect one,
 []

[21 <./Figure/iscsi(plan).jpg>]
<./Figure/GW-createvolume.jpg, id=95, 4466.6875pt x 3181.8875pt>
File: ./Figure/GW-createvolume.jpg Graphic file (type jpg)

<use ./Figure/GW-createvolume.jpg>
Package pdftex.def Info: ./Figure/GW-createvolume.jpg used on input line 215.
(pdftex.def)             Requested size: 344.9379pt x 245.7198pt.

Underfull \hbox (badness 10000) in paragraph at lines 222--227

 []

[22 <./Figure/GW-createvolume.jpg>]
Overfull \hbox (25.30214pt too wide) in paragraph at lines 228--231
[]\OT1/cmr/m/n/10 in node 1:$\OML/cmm/m/it/10 python \OMS/cmsy/m/n/10 ^^@ \OML/
cmm/m/it/10 cinderclient=cinderclient=v\OT1/cmr/m/n/10 1\OML/cmm/m/it/10 =clien
:py \OT1/cmr/m/n/10 : \OML/cmm/m/it/10 line\OT1/cmr/m/n/10 86 : \OML/cmm/m/it/1
0 service[]type \OT1/cmr/m/n/10 =
 []


Overfull \hbox (75.43207pt too wide) in paragraph at lines 228--231
\OML/cmm/m/it/10 python \OMS/cmsy/m/n/10 ^^@ \OML/cmm/m/it/10 cinderclient=cind
erclient=service[]atalog:py line \OT1/cmr/m/n/10 62 \OML/cmm/m/it/10 changeserv
ice[]typeto\OT1/cmr/m/n/10 "\OML/cmm/m/it/10 GWvolume\OT1/cmr/m/n/10 "$ 
 []


Underfull \hbox (badness 10000) in paragraph at lines 228--231

 []


Underfull \hbox (badness 10000) in paragraph at lines 232--238

 []


Overfull \hbox (31.41324pt too wide) in paragraph at lines 239--255
[]\OT1/cmr/m/n/10 in node 3: $\OML/cmm/m/it/10 python \OMS/cmsy/m/n/10 ^^@ \OML
/cmm/m/it/10 cinderclient=cinderclient=v\OT1/cmr/m/n/10 1\OML/cmm/m/it/10 =clie
n:py \OT1/cmr/m/n/10 : \OML/cmm/m/it/10 line \OT1/cmr/m/n/10 86 : \OML/cmm/m/it
/10 service[]type \OT1/cmr/m/n/10 =
 []


Overfull \hbox (24.23917pt too wide) in paragraph at lines 239--255
\OT1/cmr/m/n/10 in node 3:$\OML/cmm/m/it/10 stack:sh line \OT1/cmr/m/n/10 862 \
OML/cmm/m/it/10 add create[]cinder[]accounts$\OT1/cmr/m/n/10 , re-place the /op
t/stack/cinder
 []


Underfull \hbox (badness 10000) in paragraph at lines 239--255

 []


LaTeX Warning: The counter will not be printed.
             The label is: $\bullet $ on input line 263.

[23]

LaTeX Warning: The counter will not be printed.
             The label is: $\bullet $ on input line 271.


Underfull \hbox (badness 10000) in paragraph at lines 303--305

 []

<./Figure/sequence(nova-gw-cinder).jpg, id=103, 1013.7875pt x 782.925pt>
File: ./Figure/sequence(nova-gw-cinder).jpg Graphic file (type jpg)

<use ./Figure/sequence(nova-gw-cinder).jpg>
Package pdftex.def Info: ./Figure/sequence(nova-gw-cinder).jpg used on input li
ne 310.
(pdftex.def)             Requested size: 220.12575pt x 169.9981pt.

<./Figure/sequence(nova-attach-gw).jpg, id=104, 501.875pt x 381.425pt>
File: ./Figure/sequence(nova-attach-gw).jpg Graphic file (type jpg)

<use ./Figure/sequence(nova-attach-gw).jpg>
Package pdftex.def Info: ./Figure/sequence(nova-attach-gw).jpg used on input li
ne 313.
(pdftex.def)             Requested size: 184.20518pt x 139.99594pt.
 [24] [25 <./Figure/sequence(nova-gw-cinder).jpg> <./Figure/sequence(nova-attac
h-gw).jpg>]
Underfull \hbox (badness 10000) in paragraph at lines 319--320

 []

(./IOreport.bbl [26]
Underfull \hbox (badness 10000) in paragraph at lines 4--7
[]\OT1/cmr/m/n/10 Luks for dm-crypt from linux.org.  Web-site.
 []


Overfull \hbox (48.15906pt too wide) in paragraph at lines 19--22
[]\OT1/cmr/m/n/10 volumeencryption.  Web-site.  \OT1/cmtt/m/n/10 https://wiki.o
penstack.org/wiki/VolumeEncryption\OT1/cmr/m/n/10 . 
 []

) [27

] (./IOreport.aux) ) 
Here is how much of TeX's memory you used:
 1684 strings out of 493315
 24918 string characters out of 6137904
 83828 words of memory out of 5000000
 5107 multiletter control sequences out of 15000+600000
 9621 words of font info for 34 fonts, out of 8000000 for 9000
 957 hyphenation exceptions out of 8191
 38i,11n,23p,1503b,241s stack positions out of 5000i,500n,10000p,200000b,80000s
</usr/local/texlive/2013/texmf-dist/fonts/type1/public/amsf
onts/cm/cmbx10.pfb></usr/local/texlive/2013/texmf-dist/fonts/type1/public/amsfo
nts/cm/cmbx12.pfb></usr/local/texlive/2013/texmf-dist/fonts/type1/public/amsfon
ts/cm/cmmi10.pfb></usr/local/texlive/2013/texmf-dist/fonts/type1/public/amsfont
s/cm/cmmi7.pfb></usr/local/texlive/2013/texmf-dist/fonts/type1/public/amsfonts/
cm/cmr10.pfb></usr/local/texlive/2013/texmf-dist/fonts/type1/public/amsfonts/cm
/cmr12.pfb></usr/local/texlive/2013/texmf-dist/fonts/type1/public/amsfonts/cm/c
mr17.pfb></usr/local/texlive/2013/texmf-dist/fonts/type1/public/amsfonts/cm/cms
y10.pfb></usr/local/texlive/2013/texmf-dist/fonts/type1/public/amsfonts/cm/cmsy
7.pfb></usr/local/texlive/2013/texmf-dist/fonts/type1/public/amsfonts/cm/cmti10
.pfb></usr/local/texlive/2013/texmf-dist/fonts/type1/public/amsfonts/cm/cmtt10.
pfb>
Output written on IOreport.pdf (28 pages, 5809776 bytes).
PDF statistics:
 156 PDF objects out of 1000 (max. 8388607)
 97 compressed objects within 1 object stream
 0 named destinations out of 1000 (max. 500000)
 76 words of extra memory for PDF output out of 10000 (max. 10000000)

